<?xml version="1.0" encoding="UTF-8"?>
<testsuite xmlns:xsi="http://www.w3.org/2001/XMLSchema-instance" xsi:noNamespaceSchemaLocation="https://maven.apache.org/surefire/maven-surefire-plugin/xsd/surefire-test-report-3.0.xsd" version="3.0" name="br.com.mercadolivre.repository.ProductRepositoryTest" time="0.048" tests="2" errors="0" skipped="0" failures="0">
  <properties>
[...]
</properties>
  <testcase name="testProcessPurchaseShouldWriteProductToFile" classname="br.com.mercadolivre.repository.ProductRepositoryTest" time="0.018">
    <system-out><![CDATA[Compra processada. Estoque atualizado para: 10
]]></system-out>
  </testcase>
  <testcase name="testSearchShouldReadProductFromFile" classname="br.com.mercadolivre.repository.ProductRepositoryTest" time="0.023"/>
</testsuite>